<?xml version="1.0" encoding="UTF-8"?>
<testsuite name="Tests" tests="1" skipped="0" failures="1" errors="0" timestamp="2026-04-23T12:10:46.210Z" hostname="cristian-TUF-F15" time="0.117">
  <properties/>
  <testcase name="start" classname="Tests" time="0.117">
    <failure message="java.lang.AssertionError: Error in test #1&#10;&#10;Program ran out of input. You tried to read more than expected.&#10;&#10;Please find below the output of your program during this failed test.&#10;Note that the '&gt;' character indicates the beginning of the input line.&#10;&#10;---&#10;&#10;&gt; Marry&#10;&gt; 1&#10;Hello! My name is Marry.&#10;I was created in 1.&#10;Please, remind me your name.&#10;&gt; 0&#10;What a great name you have, 0!&#10;Let me guess your age.&#10;Enter remainders of dividing your age by 3, 5 and 7.&#10;&gt; 5&#10;&gt; 10&#10;&gt; 1&#10;Your age is 50; that's a good time to start programming!&#10;Now I will prove to you that I can count to any number you want.&#10;&gt; 2&#10;0!&#10;1!&#10;2!&#10;Let's test your programming knowledge.&#10;Why do we use methods?&#10;1. To repeat a statement multiple times.&#10;2. To decompose a program into several small subroutines.&#10;3. To determine the execution time of a program.&#10;4. To interrupt the execution of a program.&#10;&gt; 3&#10;Please, try again.&#10;&gt; 4&#10;Please, try again.&#10;&gt; 5&#10;Please, try again.&#10;&gt; 6&#10;Please, try again.&#10;&gt; 7&#10;Please, try again.&#10;&gt; 8&#10;Please, try again." type="java.lang.AssertionError">java.lang.AssertionError: Error in test #1

Program ran out of input. You tried to read more than expected.

Please find below the output of your program during this failed test.
Note that the '&gt;' character indicates the beginning of the input line.

---

&gt; Marry
&gt; 1
Hello! My name is Marry.
I was created in 1.
Please, remind me your name.
&gt; 0
What a great name you have, 0!
Let me guess your age.
Enter remainders of dividing your age by 3, 5 and 7.
&gt; 5
&gt; 10
&gt; 1
Your age is 50; that's a good time to start programming!
Now I will prove to you that I can count to any number you want.
&gt; 2
0!
1!
2!
Let's test your programming knowledge.
Why do we use methods?
1. To repeat a statement multiple times.
2. To decompose a program into several small subroutines.
3. To determine the execution time of a program.
4. To interrupt the execution of a program.
&gt; 3
Please, try again.
&gt; 4
Please, try again.
&gt; 5
Please, try again.
&gt; 6
Please, try again.
&gt; 7
Please, try again.
&gt; 8
Please, try again.
	at org.junit.Assert.fail(Assert.java:89)
	at org.hyperskill.hstest.stage.StageTest.start(StageTest.java:238)
	at java.base/jdk.internal.reflect.DirectMethodHandleAccessor.invoke(DirectMethodHandleAccessor.java:103)
	at java.base/java.lang.reflect.Method.invoke(Method.java:580)
	at org.junit.runners.model.FrameworkMethod$1.runReflectiveCall(FrameworkMethod.java:59)
	at org.junit.internal.runners.model.ReflectiveCallable.run(ReflectiveCallable.java:12)
	at org.junit.runners.model.FrameworkMethod.invokeExplosively(FrameworkMethod.java:56)
	at org.junit.internal.runners.statements.InvokeMethod.evaluate(InvokeMethod.java:17)
	at org.junit.runners.ParentRunner$3.evaluate(ParentRunner.java:306)
	at org.junit.runners.BlockJUnit4ClassRunner$1.evaluate(BlockJUnit4ClassRunner.java:100)
	at org.junit.runners.ParentRunner.runLeaf(ParentRunner.java:366)
	at org.junit.runners.BlockJUnit4ClassRunner.runChild(BlockJUnit4ClassRunner.java:103)
	at org.junit.runners.BlockJUnit4ClassRunner.runChild(BlockJUnit4ClassRunner.java:63)
	at org.junit.runners.ParentRunner$4.run(ParentRunner.java:331)
	at org.junit.runners.ParentRunner$1.schedule(ParentRunner.java:79)
	at org.junit.runners.ParentRunner.runChildren(ParentRunner.java:329)
	at org.junit.runners.ParentRunner.access$100(ParentRunner.java:66)
	at org.junit.runners.ParentRunner$2.evaluate(ParentRunner.java:293)
	at org.junit.runners.ParentRunner$3.evaluate(ParentRunner.java:306)
	at org.junit.runners.ParentRunner.run(ParentRunner.java:413)
	at org.gradle.api.internal.tasks.testing.junit.JUnitTestClassExecutor.runTestClass(JUnitTestClassExecutor.java:112)
	at org.gradle.api.internal.tasks.testing.junit.JUnitTestClassExecutor.execute(JUnitTestClassExecutor.java:58)
	at org.gradle.api.internal.tasks.testing.junit.JUnitTestClassExecutor.execute(JUnitTestClassExecutor.java:40)
	at org.gradle.api.internal.tasks.testing.junit.AbstractJUnitTestClassProcessor.processTestClass(AbstractJUnitTestClassProcessor.java:54)
	at org.gradle.api.internal.tasks.testing.SuiteTestClassProcessor.processTestClass(SuiteTestClassProcessor.java:53)
	at java.base/jdk.internal.reflect.DirectMethodHandleAccessor.invoke(DirectMethodHandleAccessor.java:103)
	at java.base/java.lang.reflect.Method.invoke(Method.java:580)
	at org.gradle.internal.dispatch.ReflectionDispatch.dispatch(ReflectionDispatch.java:36)
	at org.gradle.internal.dispatch.ReflectionDispatch.dispatch(ReflectionDispatch.java:24)
	at org.gradle.internal.dispatch.ContextClassLoaderDispatch.dispatch(ContextClassLoaderDispatch.java:33)
	at org.gradle.internal.dispatch.ProxyDispatchAdapter$DispatchingInvocationHandler.invoke(ProxyDispatchAdapter.java:92)
	at jdk.proxy1/jdk.proxy1.$Proxy4.processTestClass(Unknown Source)
	at org.gradle.api.internal.tasks.testing.worker.TestWorker$2.run(TestWorker.java:183)
	at org.gradle.api.internal.tasks.testing.worker.TestWorker.executeAndMaintainThreadName(TestWorker.java:132)
	at org.gradle.api.internal.tasks.testing.worker.TestWorker.execute(TestWorker.java:103)
	at org.gradle.api.internal.tasks.testing.worker.TestWorker.execute(TestWorker.java:63)
	at org.gradle.process.internal.worker.child.ActionExecutionWorker.execute(ActionExecutionWorker.java:56)
	at org.gradle.process.internal.worker.child.SystemApplicationClassLoaderWorker.call(SystemApplicationClassLoaderWorker.java:122)
	at org.gradle.process.internal.worker.child.SystemApplicationClassLoaderWorker.call(SystemApplicationClassLoaderWorker.java:72)
	at worker.org.gradle.process.internal.worker.GradleWorkerMain.run(GradleWorkerMain.java:69)
	at worker.org.gradle.process.internal.worker.GradleWorkerMain.main(GradleWorkerMain.java:74)
</failure>
  </testcase>
  <system-out><![CDATA[?[1;31m
Start test 1?[0m
> Marry
> 1
Hello! My name is Marry.
I was created in 1.
Please, remind me your name.
> 0
What a great name you have, 0!
Let me guess your age.
Enter remainders of dividing your age by 3, 5 and 7.
> 5
> 10
> 1
Your age is 50; that's a good time to start programming!
Now I will prove to you that I can count to any number you want.
> 2
0!
1!
2!
Let's test your programming knowledge.
Why do we use methods?
1. To repeat a statement multiple times.
2. To decompose a program into several small subroutines.
3. To determine the execution time of a program.
4. To interrupt the execution of a program.
> 3
Please, try again.
> 4
Please, try again.
> 5
Please, try again.
> 6
Please, try again.
> 7
Please, try again.
> 8
Please, try again.
]]></system-out>
  <system-err><![CDATA[]]></system-err>
</testsuite>
